make all --print-data-base --no-builtin-variables --no-builtin-rules --question
# GNU Make 3.81
# Copyright (C) 2006  Free Software Foundation, Inc.
# This is free software; see the source for copying conditions.
# There is NO warranty; not even for MERCHANTABILITY or FITNESS FOR A
# PARTICULAR PURPOSE.

# This program built for i386-apple-darwin11.3.0

# Make data base, printed on Mon Jun  6 18:44:47 2022

# Variables

# automatic
<D = $(patsubst %/,%,$(dir $<))
# automatic
?F = $(notdir $?)
# environment
ELECTRON_NO_ATTACH_CONSOLE = 1
# environment
LC_CTYPE = UTF-8
# environment
VSCODE_LOG_NATIVE = false
# environment
NVM_INC = /Users/crossa/.nvm/versions/node/v16.13.1/include/node
# automatic
?D = $(patsubst %/,%,$(dir $?))
# automatic
@D = $(patsubst %/,%,$(dir $@))
# automatic
@F = $(notdir $@)
# makefile
CURDIR := /Users/crossa/dev/college/advaced-programming/final-challenge-pacteam
# makefile
SHELL = /bin/sh
# environment
VSCODE_NLS_CONFIG = {"locale":"en-us","availableLanguages":{},"_languagePackSupport":true}
# environment
_ = /usr/bin/make
# makefile (from `Makefile', line 1)
MAKEFILE_LIST :=  Makefile
# environment
VSCODE_AMD_ENTRYPOINT = vs/workbench/api/node/extensionHostProcess
# environment
VSCODE_VERBOSE_LOGGING = true
# environment
__CFBundleIdentifier = com.microsoft.VSCode
# environment
VSCODE_IPC_HOOK_EXTHOST = /var/folders/pc/rf1pt1b56p59svzlj7tz0msh0000gn/T/vscode-ipc-b0c8fffa-9f01-4219-96a6-1833ce7b2658.sock
# environment
VSCODE_CWD = /Users/crossa/dev/college/advaced-programming/final-challenge-pacteam
# environment
GOPROXY = https://proxy.golang.org,direct
# environment
PATH = /Users/crossa/.yarn/bin:/Users/crossa/.config/yarn/global/node_modules/.bin:/Users/crossa/opt/anaconda3/bin:/Users/crossa/opt/anaconda3/condabin:/Users/crossa/.nvm/versions/node/v16.13.1/bin:/usr/local/bin:/usr/bin:/bin:/usr/sbin:/sbin:/Applications/VMware Fusion.app/Contents/Public:/Library/TeX/texbin:/usr/local/go/bin:/Library/Apple/usr/bin:/Users/crossa/.fig/bin:/Users/crossa/.local/bin
# environment
LSCOLORS = Gxfxcxdxbxegedabagacad
# environment
GOPATH = /Users/crossa/go
# environment
NVM_BIN = /Users/crossa/.nvm/versions/node/v16.13.1/bin
# environment
VSCODE_LOG_STACK = false
# environment
ELECTRON_RUN_AS_NODE = 1
# default
.FEATURES := target-specific order-only second-expansion else-if archives jobserver check-symlink
# environment
SSH_AUTH_SOCK = /private/tmp/com.apple.launchd.6l0XRT932C/Listeners
# automatic
%F = $(notdir $%)
# environment
CONDA_EXE = /Users/crossa/opt/anaconda3/bin/conda
# environment
TTY = /dev/ttys004
# environment
VSCODE_PIPE_LOGGING = true
# environment
FIG_PID = 32245
# environment
PWD = /Users/crossa/dev/college/advaced-programming/final-challenge-pacteam
# environment
ORIGINAL_XDG_CURRENT_DESKTOP = undefined
# environment
GOMODCACHE = /Users/crossa/go/pkg/mod
# environment
HOME = /Users/crossa
# default
MAKEFILEPATH := /Applications/Xcode.app/Contents/Developer/Makefiles
# environment
VSCODE_CLI = 1
# environment
VSCODE_CODE_CACHE_PATH = /Users/crossa/Library/Application Support/Code/CachedData/c3511e6c69bb39013c4a4b7b9566ec1ca73fc4d5
# environment
LOGNAME = crossa
# environment
APPLICATION_INSIGHTS_NO_DIAGNOSTIC_CHANNEL = 1
# environment
CONDA_PROMPT_MODIFIER = (base) 
# environment
NVM_CD_FLAGS = -q
# environment
ZSH = /Users/crossa/.oh-my-zsh
# environment
VSCODE_HANDLES_UNCAUGHT_ERRORS = true
# automatic
^D = $(patsubst %/,%,$(dir $^))
# environment
CONDA_DEFAULT_ENV = base
# environment
XPC_FLAGS = 0x0
# environment
COLORTERM = truecolor
# default
MAKE = $(MAKE_COMMAND)
# environment
LC_TERMINAL = iTerm2
# environment
SHLVL = 3
# environment
FIG_TERM = 1
# default
MAKE_VERSION := 3.81
# environment
USER = crossa
# environment
FIG_TERM_VERSION = 4.4.0
# default
MAKECMDGOALS := all
# environment
TERM_SESSION_ID = w0t1p0:8CEFDB56-D755-429B-AF6B-8CB05020A3C2
# environment
LESS = -R
# automatic
%D = $(patsubst %/,%,$(dir $%))
# environment
FIG_INTEGRATION_VERSION = 8
# environment
CONDA_SHLVL = 1
# default
MAKE_COMMAND := /Applications/Xcode.app/Contents/Developer/usr/bin/make
# environment
TERM_PROGRAM = iTerm.app
# default
.VARIABLES := 
# environment
TMPDIR = /var/folders/pc/rf1pt1b56p59svzlj7tz0msh0000gn/T/
# automatic
*F = $(notdir $*)
# environment
VSCODE_IPC_HOOK = /Users/crossa/Library/Application Support/Code/1.67.2-main.sock
# makefile
MAKEFLAGS = Rrqp
# environment
MFLAGS = -Rrqp
# automatic
*D = $(patsubst %/,%,$(dir $*))
# environment
TERM_PROGRAM_VERSION = 3.4.15
# environment
NVM_DIR = /Users/crossa/.nvm
# environment
XPC_SERVICE_NAME = application.com.microsoft.VSCode.74221382.74221388.D5B4CB22-450F-4D56-B53A-77FD6F68D796
# environment
LC_TERMINAL_VERSION = 3.4.15
# automatic
+D = $(patsubst %/,%,$(dir $+))
# automatic
+F = $(notdir $+)
# environment
ITERM_SESSION_ID = w0t1p0:8CEFDB56-D755-429B-AF6B-8CB05020A3C2
# environment
COLORFGBG = 7;0
# environment
__CF_USER_TEXT_ENCODING = 0x1F5:0x0:0x0
# environment
COMMAND_MODE = unix2003
# default
MAKEFILES := 
# automatic
<F = $(notdir $<)
# environment
ITERM_PROFILE = Default
# environment
PAGER = less
# environment
LC_ALL = C
# environment
CONDA_PYTHON_EXE = /Users/crossa/opt/anaconda3/bin/python
# automatic
^F = $(notdir $^)
# default
SUFFIXES := 
# environment
_CE_M = 
# default
.INCLUDE_DIRS = /usr/local/include
# environment
MAKELEVEL := 0
# makefile
.DEFAULT_GOAL := build
# environment
CONDA_PREFIX = /Users/crossa/opt/anaconda3
# environment
TERM = xterm-256color
# environment
VSCODE_PID = 35125
# environment
_CE_CONDA = 
# environment
LANG = C
# variable set hash-table stats:
# Load=99/1024=10%, Rehash=0, Collisions=8/123=7%

# Pattern-specific Variable Values

# No pattern-specific variable values.

# Directories

# . (device 16777223, inode 77438000): 15 files, no impossibilities.

# 15 files, no impossibilities in 1 directories.

# Implicit Rules

# No implicit rules.

# Files

# Not a target:
all:
#  Command-line target.
#  Implicit rule search has been done.
#  File does not exist.
#  File has not been updated.
# variable set hash-table stats:
# Load=0/32=0%, Rehash=0, Collisions=0/0=0%

# Not a target:
.SUFFIXES:
#  Implicit rule search has not been done.
#  Modification time never checked.
#  File has not been updated.

# Not a target:
Makefile:
#  Implicit rule search has been done.
#  Last modified 2022-06-06 17:37:27
#  File has been updated.
#  Successfully updated.
# variable set hash-table stats:
# Load=0/32=0%, Rehash=0, Collisions=0/0=0%

build:
#  Implicit rule search has not been done.
#  Modification time never checked.
#  File has not been updated.
#  commands to execute (from `Makefile', line 4):
	go run main.go
	

# Not a target:
.DEFAULT:
#  Implicit rule search has not been done.
#  Modification time never checked.
#  File has not been updated.

clean:
#  Implicit rule search has not been done.
#  Modification time never checked.
#  File has not been updated.
#  commands to execute (from `Makefile', line 6):
	rm -rf main
	

# files hash-table stats:
# Load=6/1024=1%, Rehash=0, Collisions=0/18=0%
# VPATH Search Paths

# No `vpath' search paths.

# No general (`VPATH' variable) search path.

# # of strings in strcache: 1
# # of strcache buffers: 1
# strcache size: total = 4096 / max = 4096 / min = 4096 / avg = 4096
# strcache free: total = 4087 / max = 4087 / min = 4087 / avg = 4087

# Finished Make data base on Mon Jun  6 18:44:47 2022

 
make: *** No rule to make target `all'.  Stop.

